f:\школа\фёдор\спбгу\2 курс\лабораторные\методы измерений\лабораторная 1\x64\debug\vc143.pdb
f:\школа\фёдор\спбгу\2 курс\лабораторные\методы измерений\лабораторная 1\x64\debug\vc143.idb
f:\школа\фёдор\спбгу\2 курс\лабораторные\методы измерений\лабораторная 1\x64\debug\source.obj
f:\школа\фёдор\спбгу\2 курс\лабораторные\методы измерений\x64\debug\лабораторная 1.exe
f:\школа\фёдор\спбгу\2 курс\лабораторные\методы измерений\x64\debug\лабораторная 1.pdb
f:\школа\фёдор\спбгу\2 курс\лабораторные\методы измерений\лабораторная 1\x64\debug\лабораторная 1.ilk
f:\школа\фёдор\спбгу\2 курс\лабораторные\metodi izmereniy\лабораторная 1\x64\debug\source.obj
f:\школа\фёдор\спбгу\2 курс\лабораторные\metodi izmereniy\лабораторная 1\x64\debug\лабораторная 1.ilk
f:\школа\фёдор\спбгу\2 курс\лабораторные\metodi izmereniy\лабораторная 1\x64\debug\vc143.idb
f:\школа\фёдор\спбгу\2 курс\лабораторные\metodi izmereniy\лабораторная 1\x64\debug\vc143.pdb
f:\школа\фёдор\спбгу\2 курс\лабораторные\metodi izmereniy\x64\debug\лабораторная 1.pdb
f:\школа\фёдор\спбгу\2 курс\лабораторные\metodi izmereniy\x64\debug\лабораторная 1.exe
f:\школа\фёдор\спбгу\2 курс\лабораторные\metodi izmereniy\лабораторная 1\x64\debug\лабораторная 1.tlog\cl.read.1.tlog
f:\школа\фёдор\спбгу\2 курс\лабораторные\metodi izmereniy\лабораторная 1\x64\debug\лабораторная 1.tlog\cl.write.1.tlog
f:\школа\фёдор\спбгу\2 курс\лабораторные\metodi izmereniy\лабораторная 1\x64\debug\лабораторная 1.tlog\cl.command.1.tlog
f:\школа\фёдор\спбгу\2 курс\лабораторные\metodi izmereniy\лабораторная 1\x64\debug\лабораторная 1.tlog\link.read.2.tlog
f:\школа\фёдор\спбгу\2 курс\лабораторные\metodi izmereniy\лабораторная 1\x64\debug\лабораторная 1.tlog\link.write.1.tlog
f:\школа\фёдор\спбгу\2 курс\лабораторные\metodi izmereniy\лабораторная 1\x64\debug\лабораторная 1.tlog\link.secondary.1.tlog
f:\школа\фёдор\спбгу\2 курс\лабораторные\metodi izmereniy\лабораторная 1\x64\debug\лабораторная 1.tlog\link.command.1.tlog
f:\школа\фёдор\спбгу\2 курс\лабораторные\metodi izmereniy\лабораторная 1\x64\debug\лабораторная 1.tlog\cl.items.tlog
