f:\школа\фёдор\спбгу\2 курс\лабораторные\методы измерений\лабораторная 4\x64\debug\vc143.pdb
f:\школа\фёдор\спбгу\2 курс\лабораторные\методы измерений\лабораторная 4\x64\debug\vc143.idb
f:\школа\фёдор\спбгу\2 курс\лабораторные\методы измерений\лабораторная 4\x64\debug\source.obj
f:\школа\фёдор\спбгу\2 курс\лабораторные\методы измерений\x64\debug\лабораторная 4.exe
f:\школа\фёдор\спбгу\2 курс\лабораторные\методы измерений\x64\debug\лабораторная 4.pdb
f:\школа\фёдор\спбгу\2 курс\лабораторные\методы измерений\лабораторная 4\x64\debug\лабораторная 4.ilk
f:\школа\фёдор\спбгу\2 курс\лабораторные\metodi izmereniy\лабораторная 4\x64\debug\source.obj
f:\школа\фёдор\спбгу\2 курс\лабораторные\metodi izmereniy\лабораторная 4\x64\debug\лабораторная 4.ilk
f:\школа\фёдор\спбгу\2 курс\лабораторные\metodi izmereniy\лабораторная 4\x64\debug\vc143.idb
f:\школа\фёдор\спбгу\2 курс\лабораторные\metodi izmereniy\лабораторная 4\x64\debug\vc143.pdb
f:\школа\фёдор\спбгу\2 курс\лабораторные\metodi izmereniy\x64\debug\лабораторная 4.pdb
f:\школа\фёдор\спбгу\2 курс\лабораторные\metodi izmereniy\x64\debug\лабораторная 4.exe
f:\школа\фёдор\спбгу\2 курс\лабораторные\metodi izmereniy\лабораторная 4\x64\debug\лабораторная 4.tlog\cl.read.1.tlog
f:\школа\фёдор\спбгу\2 курс\лабораторные\metodi izmereniy\лабораторная 4\x64\debug\лабораторная 4.tlog\cl.write.1.tlog
f:\школа\фёдор\спбгу\2 курс\лабораторные\metodi izmereniy\лабораторная 4\x64\debug\лабораторная 4.tlog\cl.command.1.tlog
f:\школа\фёдор\спбгу\2 курс\лабораторные\metodi izmereniy\лабораторная 4\x64\debug\лабораторная 4.tlog\link.read.2.tlog
f:\школа\фёдор\спбгу\2 курс\лабораторные\metodi izmereniy\лабораторная 4\x64\debug\лабораторная 4.tlog\link.write.1.tlog
f:\школа\фёдор\спбгу\2 курс\лабораторные\metodi izmereniy\лабораторная 4\x64\debug\лабораторная 4.tlog\link.secondary.1.tlog
f:\школа\фёдор\спбгу\2 курс\лабораторные\metodi izmereniy\лабораторная 4\x64\debug\лабораторная 4.tlog\link.command.1.tlog
f:\школа\фёдор\спбгу\2 курс\лабораторные\metodi izmereniy\лабораторная 4\x64\debug\лабораторная 4.tlog\cl.items.tlog
