

*******************************************************************************
Mon Jun  8 01:01:21 2026


FIT:    data read from "Pack1.txt" using 1:2
        format = x:z
        #datapoints = 16
        residuals are weighted equally (unit weight)

function used for fitting: f(x)
	f(x) = a - x*b
fitted parameters initialized with current variable values

iter      chisq       delta/lim  lambda   a             b            
   0 4.7350686213e+02   0.00e+00  7.56e-01    1.000000e+00   1.000000e+00
   4 2.2298456642e+00  -1.48e-01  7.56e-05    1.820569e+01   3.295243e+01

After 4 iterations the fit converged.
final sum of squares of residuals : 2.22985
rel. change during last iteration : -1.47985e-06

degrees of freedom    (FIT_NDF)                        : 14
rms of residuals      (FIT_STDFIT) = sqrt(WSSR/ndf)    : 0.399092
variance of residuals (reduced chisquare) = WSSR/ndf   : 0.159275

Final set of parameters            Asymptotic Standard Error
=======================            ==========================
a               = 18.2057          +/- 0.8178       (4.492%)
b               = 32.9524          +/- 2.164        (6.568%)

correlation matrix of the fit parameters:
                a      b      
a               1.000 
b               0.993  1.000 


*******************************************************************************
Mon Jun  8 01:02:38 2026


FIT:    data read from "Pack1.txt" using 1:2
        format = x:z
        #datapoints = 16
        residuals are weighted equally (unit weight)

function used for fitting: f(x)
	f(x) = a + x*b
fitted parameters initialized with current variable values

iter      chisq       delta/lim  lambda   a             b            
   0 9.9226687132e+03   0.00e+00  1.56e+01    1.820569e+01   3.295243e+01
   4 2.2298456642e+00  -1.82e-02  1.56e-03    1.820569e+01  -3.295243e+01

After 4 iterations the fit converged.
final sum of squares of residuals : 2.22985
rel. change during last iteration : -1.81695e-07

degrees of freedom    (FIT_NDF)                        : 14
rms of residuals      (FIT_STDFIT) = sqrt(WSSR/ndf)    : 0.399092
variance of residuals (reduced chisquare) = WSSR/ndf   : 0.159275

Final set of parameters            Asymptotic Standard Error
=======================            ==========================
a               = 18.2057          +/- 0.8178       (4.492%)
b               = -32.9524         +/- 2.164        (6.568%)

correlation matrix of the fit parameters:
                a      b      
a               1.000 
b              -0.993  1.000 


*******************************************************************************
Mon Jun  8 01:04:25 2026


FIT:    data read from "Pack1.txt" using 1:2
        format = x:z
        #datapoints = 16
        residuals are weighted equally (unit weight)

function used for fitting: f(x)
	f(x) = a + b*x
fitted parameters initialized with current variable values

iter      chisq       delta/lim  lambda   a             b            
   0 3.6162364213e+02   0.00e+00  7.56e-01    1.000000e+00   1.000000e+00
   4 2.2298456642e+00  -1.64e-01  7.56e-05    1.820569e+01  -3.295243e+01

After 4 iterations the fit converged.
final sum of squares of residuals : 2.22985
rel. change during last iteration : -1.63794e-06

degrees of freedom    (FIT_NDF)                        : 14
rms of residuals      (FIT_STDFIT) = sqrt(WSSR/ndf)    : 0.399092
variance of residuals (reduced chisquare) = WSSR/ndf   : 0.159275

Final set of parameters            Asymptotic Standard Error
=======================            ==========================
a               = 18.2057          +/- 0.8178       (4.492%)
b               = -32.9524         +/- 2.164        (6.568%)

correlation matrix of the fit parameters:
                a      b      
a               1.000 
b              -0.993  1.000 


*******************************************************************************
Mon Jun  8 01:05:09 2026


FIT:    data read from "Pack1.txt" using 1:2
        format = x:z
        x range restricted to [0.280000 : 0.460000]
        #datapoints = 16
        residuals are weighted equally (unit weight)

function used for fitting: f(x)
	f(x) = a - x*b
fitted parameters initialized with current variable values

iter      chisq       delta/lim  lambda   a             b            
   0 9.9226687073e+03   0.00e+00  1.56e+01    1.820569e+01  -3.295243e+01
   4 2.2298456642e+00  -1.82e-02  1.56e-03    1.820569e+01   3.295243e+01

After 4 iterations the fit converged.
final sum of squares of residuals : 2.22985
rel. change during last iteration : -1.81695e-07

degrees of freedom    (FIT_NDF)                        : 14
rms of residuals      (FIT_STDFIT) = sqrt(WSSR/ndf)    : 0.399092
variance of residuals (reduced chisquare) = WSSR/ndf   : 0.159275

Final set of parameters            Asymptotic Standard Error
=======================            ==========================
a               = 18.2057          +/- 0.8178       (4.492%)
b               = 32.9524          +/- 2.164        (6.568%)

correlation matrix of the fit parameters:
                a      b      
a               1.000 
b               0.993  1.000 


*******************************************************************************
Mon Jun  8 01:09:13 2026


FIT:    data read from "Pack1.txt" using 1:2
        format = x:z
        #datapoints = 16
        residuals are weighted equally (unit weight)

function used for fitting: f(x)
	f(x) = a - x*b
fitted parameters initialized with current variable values

iter      chisq       delta/lim  lambda   a             b            
   0 4.7350686213e+02   0.00e+00  7.56e-01    1.000000e+00   1.000000e+00
   4 2.2298456642e+00  -1.48e-01  7.56e-05    1.820569e+01   3.295243e+01

After 4 iterations the fit converged.
final sum of squares of residuals : 2.22985
rel. change during last iteration : -1.47985e-06

degrees of freedom    (FIT_NDF)                        : 14
rms of residuals      (FIT_STDFIT) = sqrt(WSSR/ndf)    : 0.399092
variance of residuals (reduced chisquare) = WSSR/ndf   : 0.159275

Final set of parameters            Asymptotic Standard Error
=======================            ==========================
a               = 18.2057          +/- 0.8178       (4.492%)
b               = 32.9524          +/- 2.164        (6.568%)

correlation matrix of the fit parameters:
                a      b      
a               1.000 
b               0.993  1.000 


*******************************************************************************
Mon Jun  8 01:10:49 2026


FIT:    data read from "Pack1.txt" using 1:2
        format = x:z
        #datapoints = 16
        residuals are weighted equally (unit weight)

function used for fitting: f(x)
	f(x) = a - x*b
fitted parameters initialized with current variable values

iter      chisq       delta/lim  lambda   a             b            
   0 2.2298456642e+00   0.00e+00  1.56e+01    1.820569e+01   3.295243e+01
   1 2.2298456642e+00   0.00e+00  1.56e+00    1.820569e+01   3.295243e+01

After 1 iterations the fit converged.
final sum of squares of residuals : 2.22985
rel. change during last iteration : 0

degrees of freedom    (FIT_NDF)                        : 14
rms of residuals      (FIT_STDFIT) = sqrt(WSSR/ndf)    : 0.399092
variance of residuals (reduced chisquare) = WSSR/ndf   : 0.159275

Final set of parameters            Asymptotic Standard Error
=======================            ==========================
a               = 18.2057          +/- 0.8178       (4.492%)
b               = 32.9524          +/- 2.164        (6.568%)

correlation matrix of the fit parameters:
                a      b      
a               1.000 
b               0.993  1.000 


*******************************************************************************
Mon Jun  8 01:28:06 2026


FIT:    data read from "Pack1.txt" using 1:2
        format = x:z
        x range restricted to [0.280000 : 0.460000]
        #datapoints = 16
        residuals are weighted equally (unit weight)

function used for fitting: f(x)
	f(x) = a - 31.09*b
fitted parameters initialized with current variable values

iter      chisq       delta/lim  lambda   a             b            
   0 1.6390675566e+07   0.00e+00  7.25e+02    1.820569e+01   3.295243e+01
   4 3.9149167614e+01  -3.63e-11  7.25e-02    1.852521e+01   4.077414e-01

After 4 iterations the fit converged.
final sum of squares of residuals : 39.1492
rel. change during last iteration : -3.62993e-16

degrees of freedom    (FIT_NDF)                        : 14
rms of residuals      (FIT_STDFIT) = sqrt(WSSR/ndf)    : 1.67223
variance of residuals (reduced chisquare) = WSSR/ndf   : 2.79637

Final set of parameters            Asymptotic Standard Error
=======================            ==========================
a               = 18.5252          +/- 2.153e+15    (1.162e+16%)
b               = 0.407741         +/- 6.924e+13    (1.698e+16%)

correlation matrix of the fit parameters:
                a      b      
a               1.000 
b               1.000  1.000 


*******************************************************************************
Mon Jun  8 01:29:15 2026


FIT:    data read from "Pack1.txt" using 1:2
        format = x:z
        x range restricted to [0.280000 : 0.460000]
        #datapoints = 16
        residuals are weighted equally (unit weight)

function used for fitting: f(x)
	f(x) = a - 31.09*b
fitted parameters initialized with current variable values

iter      chisq       delta/lim  lambda   a             b            
   0 3.9149167614e+01   0.00e+00  1.59e+01    1.852521e+01   4.077414e-01
   1 3.9149167614e+01   0.00e+00  1.59e+00    1.852521e+01   4.077414e-01

After 1 iterations the fit converged.
final sum of squares of residuals : 39.1492
rel. change during last iteration : 0

degrees of freedom    (FIT_NDF)                        : 14
rms of residuals      (FIT_STDFIT) = sqrt(WSSR/ndf)    : 1.67223
variance of residuals (reduced chisquare) = WSSR/ndf   : 2.79637

Final set of parameters            Asymptotic Standard Error
=======================            ==========================
a               = 18.5252          +/- 2.604e+15    (1.406e+16%)
b               = 0.407741         +/- 8.376e+13    (2.054e+16%)

correlation matrix of the fit parameters:
                a      b      
a               1.000 
b               1.000  1.000 


*******************************************************************************
Mon Jun  8 01:38:34 2026


FIT:    data read from "Pack1.txt" using 1:2
        format = x:z
        x range restricted to [0.280000 : 0.460000]
        #datapoints = 16
        residuals are weighted equally (unit weight)

function used for fitting: f(x)
	f(x) = 5.8048 - x*0.0814
fitted parameters initialized with current variable values

iter      chisq       delta/lim  lambda   a             b            
   0 3.9055218477e+01   0.00e+00  0.00e+00    1.852521e+01   4.077414e-01
BREAK: Singular matrix in Givens()

*******************************************************************************
Mon Jun  8 01:40:12 2026


FIT:    data read from "Pack1.txt" using 1:2
        format = x:z
        x range restricted to [0.280000 : 0.460000]
        #datapoints = 16
        residuals are weighted equally (unit weight)

function used for fitting: f(x)
	f(x) = a - 31.09*b
fitted parameters initialized with current variable values

iter      chisq       delta/lim  lambda   a             b            
   0 3.9151738786e+01   0.00e+00  1.59e+01    1.852521e+01   4.081492e-01
   2 3.9149167614e+01  -6.03e-03  1.59e-01    1.853384e+01   4.080189e-01

After 2 iterations the fit converged.
final sum of squares of residuals : 39.1492
rel. change during last iteration : -6.03088e-08

degrees of freedom    (FIT_NDF)                        : 14
rms of residuals      (FIT_STDFIT) = sqrt(WSSR/ndf)    : 1.67223
variance of residuals (reduced chisquare) = WSSR/ndf   : 2.79637

Final set of parameters            Asymptotic Standard Error
=======================            ==========================
a               = 18.5338          +/- 1.913e+15    (1.032e+16%)
b               = 0.408019         +/- 6.153e+13    (1.508e+16%)

correlation matrix of the fit parameters:
                a      b      
a               1.000 
b               1.000  1.000 


*******************************************************************************
Mon Jun  8 01:41:03 2026


FIT:    data read from "Pack1.txt" using 1:2
        format = x:z
        x range restricted to [0.280000 : 0.460000]
        #datapoints = 16
        residuals are weighted equally (unit weight)

function used for fitting: f(x)
	f(x) = a + 31.09*b
fitted parameters initialized with current variable values

iter      chisq       delta/lim  lambda   a             b            
   0 1.0337840939e+04   0.00e+00  1.59e+01    1.853384e+01   4.080189e-01
   3 3.9149167614e+01  -2.36e-03  1.59e-02    1.256801e+00   1.476915e-01

After 3 iterations the fit converged.
final sum of squares of residuals : 39.1492
rel. change during last iteration : -2.35755e-08

degrees of freedom    (FIT_NDF)                        : 14
rms of residuals      (FIT_STDFIT) = sqrt(WSSR/ndf)    : 1.67223
variance of residuals (reduced chisquare) = WSSR/ndf   : 2.79637

Final set of parameters            Asymptotic Standard Error
=======================            ==========================
a               = 1.2568           +/- 1.843e+15    (1.466e+17%)
b               = 0.147692         +/- 5.927e+13    (4.013e+16%)

correlation matrix of the fit parameters:
                a      b      
a               1.000 
b              -1.000  1.000 


*******************************************************************************
Mon Jun  8 01:41:26 2026


FIT:    data read from "Pack1.txt" using 1:2
        format = x:z
        x range restricted to [0.280000 : 0.460000]
        #datapoints = 16
        residuals are weighted equally (unit weight)

function used for fitting: f(x)
	f(x) = a - x*b
fitted parameters initialized with current variable values

iter      chisq       delta/lim  lambda   a             b            
   0 3.8434975499e+02   0.00e+00  8.90e-01    1.256801e+00   1.476915e-01
   5 2.2298456642e+00  -1.46e-02  8.90e-06    1.820569e+01   3.295243e+01

After 5 iterations the fit converged.
final sum of squares of residuals : 2.22985
rel. change during last iteration : -1.45923e-07

degrees of freedom    (FIT_NDF)                        : 14
rms of residuals      (FIT_STDFIT) = sqrt(WSSR/ndf)    : 0.399092
variance of residuals (reduced chisquare) = WSSR/ndf   : 0.159275

Final set of parameters            Asymptotic Standard Error
=======================            ==========================
a               = 18.2057          +/- 0.8178       (4.492%)
b               = 32.9524          +/- 2.164        (6.568%)

correlation matrix of the fit parameters:
                a      b      
a               1.000 
b               0.993  1.000 


*******************************************************************************
Mon Jun  8 01:42:15 2026


FIT:    data read from "Pack1.txt" using 1:2
        format = x:z
        #datapoints = 16
        residuals are weighted equally (unit weight)

function used for fitting: f(x)
	f(x) = a - x*b
fitted parameters initialized with current variable values

iter      chisq       delta/lim  lambda   a             b            
   0 4.7350686213e+02   0.00e+00  7.56e-01    1.000000e+00   1.000000e+00
   4 2.2298456642e+00  -1.48e-01  7.56e-05    1.820569e+01   3.295243e+01

After 4 iterations the fit converged.
final sum of squares of residuals : 2.22985
rel. change during last iteration : -1.47985e-06

degrees of freedom    (FIT_NDF)                        : 14
rms of residuals      (FIT_STDFIT) = sqrt(WSSR/ndf)    : 0.399092
variance of residuals (reduced chisquare) = WSSR/ndf   : 0.159275

Final set of parameters            Asymptotic Standard Error
=======================            ==========================
a               = 18.2057          +/- 0.8178       (4.492%)
b               = 32.9524          +/- 2.164        (6.568%)

correlation matrix of the fit parameters:
                a      b      
a               1.000 
b               0.993  1.000 


*******************************************************************************
Mon Jun  8 01:50:09 2026


FIT:    data read from "Pack1.txt" using 1:2
        format = x:z
        #datapoints = 16
        residuals are weighted equally (unit weight)

function used for fitting: f(x)
	f(x) = a*x + b
fitted parameters initialized with current variable values

iter      chisq       delta/lim  lambda   a             b            
   0 1.8512248925e+04   0.00e+00  2.38e+01    1.820569e+01   3.295243e+01
   5 2.2298456642e+00  -2.92e-08  2.38e-04   -3.295243e+01   1.820569e+01

After 5 iterations the fit converged.
final sum of squares of residuals : 2.22985
rel. change during last iteration : -2.91566e-13

degrees of freedom    (FIT_NDF)                        : 14
rms of residuals      (FIT_STDFIT) = sqrt(WSSR/ndf)    : 0.399092
variance of residuals (reduced chisquare) = WSSR/ndf   : 0.159275

Final set of parameters            Asymptotic Standard Error
=======================            ==========================
a               = -32.9524         +/- 2.164        (6.568%)
b               = 18.2057          +/- 0.8178       (4.492%)

correlation matrix of the fit parameters:
                a      b      
a               1.000 
b              -0.993  1.000 


*******************************************************************************
Mon Jun  8 01:53:06 2026


FIT:    data read from "Pack1.txt" using 1:2
        format = x:z
        #datapoints = 16
        residuals are weighted equally (unit weight)

function used for fitting: f(x)
	f(x) = 3.274 + 31.09*b
fitted parameters initialized with current variable values

iter      chisq       delta/lim  lambda   a             b            
   0 5.0794806327e+06   0.00e+00  4.00e+02   -3.295243e+01   1.820569e+01
BREAK: Singular matrix in Invert_RtR

*******************************************************************************
Mon Jun  8 01:54:24 2026


FIT:    data read from "Pack1.txt" using 1:2
        format = x:z
        #datapoints = 16
        residuals are weighted equally (unit weight)

function used for fitting: f(x)
	f(x) = a + 31.09*b
fitted parameters initialized with current variable values

iter      chisq       delta/lim  lambda   a             b            
   0 2.1033828357e+04   0.00e+00  2.34e+01   -3.295243e+01   8.289179e-02
   3 3.9149167614e+01  -4.81e-03  2.34e-02    3.051216e+00   8.997476e-02

After 3 iterations the fit converged.
final sum of squares of residuals : 39.1492
rel. change during last iteration : -4.80604e-08

degrees of freedom    (FIT_NDF)                        : 14
rms of residuals      (FIT_STDFIT) = sqrt(WSSR/ndf)    : 1.67223
variance of residuals (reduced chisquare) = WSSR/ndf   : 2.79637

Final set of parameters            Asymptotic Standard Error
=======================            ==========================
a               = 3.05122          +/- 2.17e+15     (7.112e+16%)
b               = 0.0899748        +/- 6.979e+13    (7.757e+16%)

correlation matrix of the fit parameters:
                a      b      
a               1.000 
b              -1.000  1.000 


*******************************************************************************
Mon Jun  8 01:54:49 2026


FIT:    data read from "Pack1.txt" using 1:2
        format = x:z
        #datapoints = 16
        residuals are weighted equally (unit weight)

function used for fitting: f(x)
	f(x) = a + x*b
fitted parameters initialized with current variable values

iter      chisq       delta/lim  lambda   a             b            
   0 1.6154858484e+02   0.00e+00  2.16e+00    3.051216e+00   8.997476e-02
   6 2.2298456642e+00  -5.14e-06  2.16e-06    1.820569e+01  -3.295243e+01

After 6 iterations the fit converged.
final sum of squares of residuals : 2.22985
rel. change during last iteration : -5.14373e-11

degrees of freedom    (FIT_NDF)                        : 14
rms of residuals      (FIT_STDFIT) = sqrt(WSSR/ndf)    : 0.399092
variance of residuals (reduced chisquare) = WSSR/ndf   : 0.159275

Final set of parameters            Asymptotic Standard Error
=======================            ==========================
a               = 18.2057          +/- 0.8178       (4.492%)
b               = -32.9524         +/- 2.164        (6.568%)

correlation matrix of the fit parameters:
                a      b      
a               1.000 
b              -0.993  1.000 


*******************************************************************************
Mon Jun  8 19:54:11 2026


FIT:    data read from "Pack1.txt" using 1:2
        format = x:z
        #datapoints = 16
        residuals are weighted equally (unit weight)

function used for fitting: f(x)
	f(x) = a + x*b
fitted parameters initialized with current variable values

iter      chisq       delta/lim  lambda   a             b            
   0 3.6162364213e+02   0.00e+00  7.56e-01    1.000000e+00   1.000000e+00
   4 2.2298456642e+00  -1.64e-01  7.56e-05    1.820569e+01  -3.295243e+01

After 4 iterations the fit converged.
final sum of squares of residuals : 2.22985
rel. change during last iteration : -1.63794e-06

degrees of freedom    (FIT_NDF)                        : 14
rms of residuals      (FIT_STDFIT) = sqrt(WSSR/ndf)    : 0.399092
variance of residuals (reduced chisquare) = WSSR/ndf   : 0.159275

Final set of parameters            Asymptotic Standard Error
=======================            ==========================
a               = 18.2057          +/- 0.8178       (4.492%)
b               = -32.9524         +/- 2.164        (6.568%)

correlation matrix of the fit parameters:
                a      b      
a               1.000 
b              -0.993  1.000 


*******************************************************************************
Mon Jun  8 20:33:56 2026


FIT:    data read from "Pack1.txt" using 1:2
        format = x:z
        #datapoints = 16
        residuals are weighted equally (unit weight)

function used for fitting: f(x)
	f(x) = a + x*b
fitted parameters initialized with current variable values

iter      chisq       delta/lim  lambda   a             b            
   0 2.2298456642e+00   0.00e+00  1.56e+01    1.820569e+01  -3.295243e+01
   1 2.2298456642e+00  -7.97e-11  1.56e+00    1.820569e+01  -3.295243e+01

After 1 iterations the fit converged.
final sum of squares of residuals : 2.22985
rel. change during last iteration : -7.96628e-16

degrees of freedom    (FIT_NDF)                        : 14
rms of residuals      (FIT_STDFIT) = sqrt(WSSR/ndf)    : 0.399092
variance of residuals (reduced chisquare) = WSSR/ndf   : 0.159275

Final set of parameters            Asymptotic Standard Error
=======================            ==========================
a               = 18.2057          +/- 0.8178       (4.492%)
b               = -32.9524         +/- 2.164        (6.568%)

correlation matrix of the fit parameters:
                a      b      
a               1.000 
b              -0.993  1.000 


*******************************************************************************
Mon Jun  8 20:36:09 2026


FIT:    data read from "Pack1.txt" using 1:2
        format = x:z
        #datapoints = 16
        residuals are weighted equally (unit weight)

function used for fitting: f(x)
	f(x) = a + x*b
fitted parameters initialized with current variable values

iter      chisq       delta/lim  lambda   a             b            
   0 2.2298456642e+00   0.00e+00  1.56e+01    1.820569e+01  -3.295243e+01
   1 2.2298456642e+00   0.00e+00  1.56e+00    1.820569e+01  -3.295243e+01

After 1 iterations the fit converged.
final sum of squares of residuals : 2.22985
rel. change during last iteration : 0

degrees of freedom    (FIT_NDF)                        : 14
rms of residuals      (FIT_STDFIT) = sqrt(WSSR/ndf)    : 0.399092
variance of residuals (reduced chisquare) = WSSR/ndf   : 0.159275

Final set of parameters            Asymptotic Standard Error
=======================            ==========================
a               = 18.2057          +/- 0.8178       (4.492%)
b               = -32.9524         +/- 2.164        (6.568%)

correlation matrix of the fit parameters:
                a      b      
a               1.000 
b              -0.993  1.000 
